2021-02-18 19:40:00 {INFO} {peco.springboot.SpringbootApplication} Starting SpringbootApplication using Java 1.8.0_252 on DESKTOP-OLM25JD with PID 19568 (C:\Users\SahilSharma\Desktop\springboot\target\classes started by SahilSharma in C:\Users\SahilSharma\Desktop\springboot)
2021-02-18 19:40:00 {INFO} {peco.springboot.SpringbootApplication} No active profile set, falling back to default profiles: default
2021-02-18 19:40:01 {INFO} {org.springframework.boot.web.embedded.tomcat.TomcatWebServer} Tomcat initialized with port(s): 8080 (http)
2021-02-18 19:40:01 {INFO} {org.apache.catalina.core.StandardService} Starting service [Tomcat]
2021-02-18 19:40:01 {INFO} {org.apache.catalina.core.StandardEngine} Starting Servlet engine: [Apache Tomcat/9.0.41]
2021-02-18 19:40:01 {INFO} {org.apache.catalina.core.ContainerBase.[Tomcat].[localhost].[/]} Initializing Spring embedded WebApplicationContext
2021-02-18 19:40:01 {INFO} {org.springframework.boot.web.servlet.context.ServletWebServerApplicationContext} Root WebApplicationContext: initialization completed in 792 ms
2021-02-18 19:40:01 {INFO} {org.springframework.scheduling.concurrent.ThreadPoolTaskExecutor} Initializing ExecutorService 'applicationTaskExecutor'
2021-02-18 19:40:02 {INFO} {org.springframework.boot.web.embedded.tomcat.TomcatWebServer} Tomcat started on port(s): 8080 (http) with context path ''
2021-02-18 19:40:02 {INFO} {peco.springboot.SpringbootApplication} Started SpringbootApplication in 1.552 seconds (JVM running for 2.201)
2021-02-18 19:40:14 {INFO} {org.springframework.boot.admin.SpringApplicationAdminMXBeanRegistrar$SpringApplicationAdmin} Application shutdown requested.
2021-02-18 19:40:15 {INFO} {org.springframework.scheduling.concurrent.ThreadPoolTaskExecutor} Shutting down ExecutorService 'applicationTaskExecutor'
2021-02-18 19:40:45 {INFO} {peco.springboot.SpringbootApplicationTests} Starting SpringbootApplicationTests using Java 1.8.0_252 on DESKTOP-OLM25JD with PID 14024 (started by SahilSharma in C:\Users\SahilSharma\Desktop\springboot)
2021-02-18 19:40:45 {INFO} {peco.springboot.SpringbootApplicationTests} No active profile set, falling back to default profiles: default
2021-02-18 19:40:46 {INFO} {org.springframework.scheduling.concurrent.ThreadPoolTaskExecutor} Initializing ExecutorService 'applicationTaskExecutor'
2021-02-18 19:40:47 {INFO} {peco.springboot.SpringbootApplicationTests} Started SpringbootApplicationTests in 2.013 seconds (JVM running for 3.046)
2021-02-18 19:40:47 {INFO} {org.springframework.scheduling.concurrent.ThreadPoolTaskExecutor} Shutting down ExecutorService 'applicationTaskExecutor'
2021-02-18 19:44:49 {INFO} {peco.springboot.SpringbootApplicationTests} Starting SpringbootApplicationTests using Java 1.8.0_252 on DESKTOP-OLM25JD with PID 19048 (started by SahilSharma in C:\Users\SahilSharma\Desktop\springboot)
2021-02-18 19:44:49 {INFO} {peco.springboot.SpringbootApplicationTests} No active profile set, falling back to default profiles: default
2021-02-18 19:44:51 {INFO} {org.springframework.scheduling.concurrent.ThreadPoolTaskExecutor} Initializing ExecutorService 'applicationTaskExecutor'
2021-02-18 19:44:51 {INFO} {peco.springboot.SpringbootApplicationTests} Started SpringbootApplicationTests in 1.814 seconds (JVM running for 2.819)
2021-02-18 19:44:51 {INFO} {org.springframework.scheduling.concurrent.ThreadPoolTaskExecutor} Shutting down ExecutorService 'applicationTaskExecutor'
